mysql> source solution1.sql
--------------
INSERT INTO EMPLOYEE VALUES(300, 'Harry', 'Potter', 'harrypotter@gmail.com', '515.123.8182', '2010-02-10', 'Programmer', 7000, 50.00, 103, 'Information Technology')
--------------

Query OK, 1 row affected, 1 warning (0.05 sec)

--------------
DELETE FROM JOBHISTORY
WHERE employee_id = 206
--------------

Query OK, 2 rows affected (0.02 sec)

--------------
DELETE FROM EMPLOYEE
WHERE employee_id = 206
--------------

Query OK, 1 row affected (0.00 sec)

--------------
INSERT INTO LOCATION VALUES ( '100 Century Avenue', '200120', 'Shanghai', 'Shanghai', 'China' )
--------------

Query OK, 1 row affected (0.00 sec)

--------------
UPDATE DEPARTMENT
SET street_address = '100 Century Avenue',
    postal_code = '200120',
    city = 'Shanghai',
    country_name = 'China'
WHERE department_name = 'Human Resources'
--------------

Query OK, 1 row affected (0.00 sec)
Rows matched: 1  Changed: 1  Warnings: 0

mysql> notee
