mysql> source solution1.sql
--------------
CREATE DATABASE txia
--------------

Query OK, 1 row affected (0.00 sec)

--------------
CREATE USER 'app' IDENTIFIED BY 'app'
--------------

Query OK, 0 rows affected (0.00 sec)

--------------
CREATE USER 'emp' IDENTIFIED BY 'emp'
--------------

Query OK, 0 rows affected (0.00 sec)

--------------
CREATE USER 'admin' IDENTIFIED BY 'admin'
--------------

Query OK, 0 rows affected (0.00 sec)

--------------
GRANT SELECT, DELETE, UPDATE, INSERT ON txia.* TO admin
--------------

Query OK, 0 rows affected (0.00 sec)

--------------
GRANT SELECT ON txia.POSITIONS TO app WITH GRANT OPTION
--------------

Query OK, 0 rows affected (0.00 sec)

--------------
GRANT INSERT, DELETE, UPDATE ON txia.POSITIONS TO emp
--------------

Query OK, 0 rows affected (0.00 sec)

--------------
GRANT CREATE ON txia.* TO admin WITH GRANT OPTION
--------------

Query OK, 0 rows affected (0.00 sec)

--------------
CREATE VIEW SNEEDEDONESKILL AS
 SELECT *
 FROM POSITIONS
 WHERE pnumber IN ( SELECT pnumber
                    FROM SNEEDED
                    GROUP BY pnumber
                    HAVING COUNT(*) = 1)
--------------

Query OK, 0 rows affected (0.00 sec)

--------------
GRANT SELECT ON txia.SNEEDEDONESKILL TO emp
--------------

Query OK, 0 rows affected (0.00 sec)

--------------
SELECT user, db, select_priv, insert_priv, update_priv, delete_priv, grant_priv, create_priv
FROM mysql.db
WHERE user IN ('app', 'emp', 'admin')
--------------

+-------+------+-------------+-------------+-------------+-------------+------------+-------------+
| user  | db   | select_priv | insert_priv | update_priv | delete_priv | grant_priv | create_priv |
+-------+------+-------------+-------------+-------------+-------------+------------+-------------+
| admin | txia | Y           | Y           | Y           | Y           | Y          | Y           |
+-------+------+-------------+-------------+-------------+-------------+------------+-------------+
1 row in set (0.00 sec)

--------------
SELECT user, db, table_name, table_priv
FROM mysql.tables_priv
WHERE user IN ('app', 'emp', 'admin')
--------------

+------+------+-----------------+----------------------+
| user | db   | table_name      | table_priv           |
+------+------+-----------------+----------------------+
| emp  | txia | POSITIONS       | Insert,Update,Delete |
| emp  | txia | SNEEDEDONESKILL | Select               |
| app  | txia | POSITIONS       | Select,Grant         |
+------+------+-----------------+----------------------+
3 rows in set (0.00 sec)

